Log file open, 10/09/23 20:36:05
LogICUInternationalization: ICU TimeZone Detection - Raw Offset: -6:00, Platform Override: ''
LogInit: ExecutableName: CrashReportClient
LogInit: Build: ++UE5+Release-5.2-CL-26001984
LogInit: Engine Version: 5.2.1-26001984+++UE5+Release-5.2
LogInit: Compatible Engine Version: 5.2.0-25360045+++UE5+Release-5.2
LogInit: Net CL: 25360045
LogInit: OS: Pop!_OS 22.04 LTS (6.4.6-76060406-generic), CPU: AMD Ryzen 5 7530U with Radeon Graphics, GPU: AMD PCI-id: 1002-15e7 (17aa-3807)
LogInit: Compiled (64-bit): Jun 15 2023 04:27:55
LogInit: Architecture: x64
LogInit: Compiled with Clang: 15.0.1 
LogInit: Build Configuration: Shipping
LogInit: Branch Name: ++UE5+Release-5.2
LogInit: Command Line:  -Abslog="/home/mizuki/Documents/Unreal Projects/UnrealLearningKit 5.2/Saved/Logs/UnrealLearningKit-CRC.log" "/home/mizuki/Documents/Unreal Projects/UnrealLearningKit 5.2/Saved/Crashes/crashinfo-UnrealLearningKit-pid-11659-55DABC6EC5464CE79FB47FDF73C7F837/"
LogInit: Base Directory: /home/mizuki/Epic/Linux_Unreal_Engine_5.2.1/Engine/Binaries/Linux/
LogInit: Allocator: Mimalloc
LogInit: Installed Engine Build: 1
LogInit: Presizing for max 100000 objects, including 0 objects not considered by GC, pre-allocating 0 bytes for permanent pool.
LogInit: Object subsystem initialized
[2023.10.10-01.36.05:327][  0]LogConfig: Applying CVar settings from Section [ConsoleVariables] File [Engine]
[2023.10.10-01.36.05:327][  0]LogInit: Unix hardware info:
[2023.10.10-01.36.05:327][  0]LogInit:  - we are the first instance of this executable
[2023.10.10-01.36.05:327][  0]LogInit:  - this process' id (pid) is 16589, parent process' id (ppid) is 11659
[2023.10.10-01.36.05:327][  0]LogInit:  - we are not running under debugger
[2023.10.10-01.36.05:327][  0]LogInit:  - machine network name is 'edelweiss'
[2023.10.10-01.36.05:327][  0]LogInit:  - user name is 'mizuki' (mizuki)
[2023.10.10-01.36.05:327][  0]LogInit:  - we're logged in locally
[2023.10.10-01.36.05:327][  0]LogInit:  - we're running with rendering
[2023.10.10-01.36.05:327][  0]LogInit:  - CPU: AuthenticAMD 'AMD Ryzen 5 7530U with Radeon Graphics' (signature: 0xA50F00)
[2023.10.10-01.36.05:327][  0]LogInit:  - Number of physical cores available for the process: 6
[2023.10.10-01.36.05:327][  0]LogInit:  - Number of logical cores available for the process: 12
[2023.10.10-01.36.05:327][  0]LogInit:  - GPU Brand Info: AMD PCI-id: 1002-15e7 (17aa-3807)
[2023.10.10-01.36.05:327][  0]LogInit:  - Memory allocator used: Mimalloc
[2023.10.10-01.36.05:327][  0]LogInit:  - This binary is optimized with LTO: no, PGO: no, instrumented for PGO data collection: no
[2023.10.10-01.36.05:327][  0]LogInit:  - This is an internal build.
[2023.10.10-01.36.05:327][  0]LogCore: Skipped benchmarking clocks because the engine is running in a standalone program mode - CLOCK_MONOTONIC will be used.
[2023.10.10-01.36.05:327][  0]LogInit: Unix-specific commandline switches:
[2023.10.10-01.36.05:327][  0]LogInit:  -ansimalloc - use malloc()/free() from libc (useful for tools like valgrind and electric fence)
[2023.10.10-01.36.05:327][  0]LogInit:  -jemalloc - use jemalloc for all memory allocation
[2023.10.10-01.36.05:327][  0]LogInit:  -binnedmalloc - use binned malloc  for all memory allocation
[2023.10.10-01.36.05:327][  0]LogInit:  -filemapcachesize=NUMBER - set the size for case-sensitive file mapping cache
[2023.10.10-01.36.05:327][  0]LogInit:  -useksm - uses kernel same-page mapping (KSM) for mapped memory (OFF)
[2023.10.10-01.36.05:327][  0]LogInit:  -ksmmergeall - marks all mmap'd memory pages suitable for KSM (OFF)
[2023.10.10-01.36.05:327][  0]LogInit:  -preloadmodulesymbols - Loads the main module symbols file into memory (OFF)
[2023.10.10-01.36.05:327][  0]LogInit:  -sigdfl=SIGNAL - Allows a specific signal to be set to its default handler rather then ignoring the signal
[2023.10.10-01.36.05:327][  0]LogInit:  -crashhandlerstacksize - Allows setting crash handler stack sizes (204800)
[2023.10.10-01.36.05:327][  0]LogInit:  -noexclusivelockonwrite - disables marking files created by the engine as exclusive locked while the engine has them opened
[2023.10.10-01.36.05:327][  0]LogInit:  -httpproxy=ADDRESS:PORT - redirects HTTP requests to a proxy (only supported if compiled with libcurl)
[2023.10.10-01.36.05:327][  0]LogInit:  -reuseconn - allow libcurl to reuse HTTP connections (only matters if compiled with libcurl)
[2023.10.10-01.36.05:327][  0]LogInit:  -virtmemkb=NUMBER - sets process virtual memory (address space) limit (overrides VirtualMemoryLimitInKB value from .ini)
[2023.10.10-01.36.05:327][  0]LogInit:  -allowsyscallfilterfile=PATH_TO_FILE - sets up a system call filter allow list. any invalid syscall in this list *will* cause a crash
[2023.10.10-01.36.05:327][  0]LogInit:  - Physical RAM available (not considering process quota): 14 GB (13817 MB, 14148920 KB, 14488494080 bytes)
[2023.10.10-01.36.05:327][  0]LogInit:  - VirtualMemoryAllocator pools will grow at scale 1.4
[2023.10.10-01.36.05:327][  0]LogInit:  - MemoryRangeDecommit() will be a no-op (re-run with -vmapoolevict to change)
[2023.10.10-01.36.05:327][  0]LogInit:  - PageSize 4096
[2023.10.10-01.36.05:327][  0]LogInit:  - BinnedPageSize 65536
[2023.10.10-01.36.05:329][  0]LogUObjectArray: 427 objects as part of root set at end of initial load.
[2023.10.10-01.36.05:329][  0]LogUObjectAllocator: 89664 out of 0 bytes used by permanent object pool.
[2023.10.10-01.36.05:329][  0]LogUObjectArray: CloseDisregardForGC: 0/0 objects in disregard for GC pool
[2023.10.10-01.36.05:329][  0]LogInit: Using OS detected language (en-US).
[2023.10.10-01.36.05:329][  0]LogInit: Using OS detected locale (en-US).
[2023.10.10-01.36.05:329][  0]LogTextLocalizationManager: No specific localization for 'en-US' exists, so 'en' will be used for the language.
[2023.10.10-01.36.05:350][  0]LogInit: Using OS detected language (en-US).
[2023.10.10-01.36.05:350][  0]LogInit: Using OS detected locale (en-US).
[2023.10.10-01.36.05:350][  0]LogTextLocalizationManager: No localization for 'en-US' exists, so 'en' will be used for the language.
[2023.10.10-01.36.05:350][  0]LogTextLocalizationManager: No localization for 'en-US' exists, so 'en' will be used for the locale.
[2023.10.10-01.36.05:350][  0]LogPackageLocalizationCache: Processed 2 localized package path(s) for 1 prioritized culture(s) in 0.000017 seconds
[2023.10.10-01.36.05:350][  0]CrashReportCoreLog: CrashReportClientVersion=1.0
[2023.10.10-01.36.05:350][  0]CrashReportCoreLog: CrashReportReceiver disabled
[2023.10.10-01.36.05:350][  0]CrashReportCoreLog: DataRouterUrl: https://datarouter.ol.epicgames.com/datarouter/api/v1/public/data
[2023.10.10-01.36.05:360][  0]LogInit: Using libcurl 7.83.1
[2023.10.10-01.36.05:360][  0]LogInit:  - built for Linux
[2023.10.10-01.36.05:360][  0]LogInit:  - supports SSL with OpenSSL/1.1.1n
[2023.10.10-01.36.05:360][  0]LogInit:  - supports HTTP deflate (compression) using libz 1.2.12
[2023.10.10-01.36.05:360][  0]LogInit:  - other features:
[2023.10.10-01.36.05:360][  0]LogInit:      CURL_VERSION_SSL
[2023.10.10-01.36.05:360][  0]LogInit:      CURL_VERSION_LIBZ
[2023.10.10-01.36.05:360][  0]LogInit:      CURL_VERSION_IPV6
[2023.10.10-01.36.05:360][  0]LogInit:      CURL_VERSION_ASYNCHDNS
[2023.10.10-01.36.05:360][  0]LogInit:      CURL_VERSION_LARGEFILE
[2023.10.10-01.36.05:360][  0]LogInit:  CurlRequestOptions (configurable via config and command line):
[2023.10.10-01.36.05:360][  0]LogInit:  - bVerifyPeer = false  - Libcurl will NOT verify peer certificate
[2023.10.10-01.36.05:360][  0]LogInit:  - bUseHttpProxy = false  - Libcurl will NOT use HTTP proxy
[2023.10.10-01.36.05:360][  0]LogInit:  - bDontReuseConnections = false  - Libcurl will reuse connections
[2023.10.10-01.36.05:360][  0]LogInit:  - MaxHostConnections = 16  - Libcurl will limit the number of connections to a host
[2023.10.10-01.36.05:360][  0]LogInit:  - LocalHostAddr = Default
[2023.10.10-01.36.05:360][  0]LogInit:  - BufferSize = 65536
[2023.10.10-01.36.05:360][  0]LogAnalytics: Display: [CrashReporter.Release] APIServer = https://datarouter.ol.epicgames.com/. AppVersion = ++UE5+Release-5.2-CL-26001984
[2023.10.10-01.36.05:361][  0]LogInit: Initializing SDL.
[2023.10.10-01.36.05:387][  0]LogInit: Initialized SDL 2.24.0 revision:  (compiled against 2.24.0)
[2023.10.10-01.36.05:387][  0]LogInit: Using SDL video driver 'x11'
[2023.10.10-01.36.05:396][  0]LogSlate: New Slate User Created. Platform User Id 0, User Index 0, Is Virtual User: 0
[2023.10.10-01.36.05:396][  0]LogSlate: Slate User Registered.  User Index 0, Is Virtual User: 0
[2023.10.10-01.36.05:685][  0]LogSlate: Using FreeType 2.10.0
[2023.10.10-01.36.05:686][  0]LogSlate: SlateFontServices - WITH_FREETYPE: 1, WITH_HARFBUZZ: 1
[2023.10.10-01.36.05:686][  0]LogInit: Using SDL_WINDOW_OPENGL
[2023.10.10-01.36.05:799][  0]LogInit: FSlateOpenGLContext::Initialize - creating OpenGL 2.1 context
[2023.10.10-01.36.05:871][  0]CrashReportCoreLog: Initial state = Unknown UploadState value
[2023.10.10-01.36.05:871][  0]CrashReportCoreLog: Initial state = Unknown UploadState value
[2023.10.10-01.36.05:892][  0]LogInit: FSlateOpenGLContext::Initialize - creating OpenGL 2.1 context
[2023.10.10-01.36.05:894][  0]LogSlate: Took 0.000571 seconds to synchronously load lazily loaded font '../../../Engine/Content/Slate/Fonts/Roboto-Regular.ttf' (155K)
[2023.10.10-01.36.05:895][  0]LogSlate: Took 0.000390 seconds to synchronously load lazily loaded font '../../../Engine/Content/Slate/Fonts/Roboto-Bold.ttf' (160K)
[2023.10.10-01.36.05:897][  0]LogSlate: Took 0.000365 seconds to synchronously load lazily loaded font '../../../Engine/Content/Slate/Fonts/Roboto-Italic.ttf' (157K)
[2023.10.10-01.36.11:505][  0]CrashReportCoreLog: Got 4 pending files to upload from 'crashinfo-UnrealLearningKit-pid-11659-55DABC6EC5464CE79FB47FDF73C7F837'
[2023.10.10-01.36.11:505][  0]CrashReportCoreLog: State change from Ready to SendingFiles
[2023.10.10-01.36.11:505][  0]CrashReportCoreLog: CompressAndSendData have 4 pending files
[2023.10.10-01.36.11:505][  0]CrashReportCoreLog: CompressAndSendData compressing 133 bytes ('/home/mizuki/Documents/Unreal Projects/UnrealLearningKit 5.2/Saved/Crashes/crashinfo-UnrealLearningKit-pid-11659-55DABC6EC5464CE79FB47FDF73C7F837/CrashReportClient.ini')
[2023.10.10-01.36.11:505][  0]CrashReportCoreLog: CompressAndSendData compressing 35064 bytes ('/home/mizuki/Documents/Unreal Projects/UnrealLearningKit 5.2/Saved/Crashes/crashinfo-UnrealLearningKit-pid-11659-55DABC6EC5464CE79FB47FDF73C7F837/CrashContext.runtime-xml')
[2023.10.10-01.36.11:506][  0]CrashReportCoreLog: CompressAndSendData compressing 669217 bytes ('/home/mizuki/Documents/Unreal Projects/UnrealLearningKit 5.2/Saved/Crashes/crashinfo-UnrealLearningKit-pid-11659-55DABC6EC5464CE79FB47FDF73C7F837/UnrealLearningKit.log')
[2023.10.10-01.36.11:506][  0]CrashReportCoreLog: CompressAndSendData compressing 3463 bytes ('/home/mizuki/Documents/Unreal Projects/UnrealLearningKit 5.2/Saved/Crashes/crashinfo-UnrealLearningKit-pid-11659-55DABC6EC5464CE79FB47FDF73C7F837/Diagnostics.txt')
[2023.10.10-01.36.11:513][  0]CrashReportCoreLog: Sending HTTP request: https://datarouter.ol.epicgames.com/datarouter/api/v1/public/data?AppID=CrashReporter&AppVersion=5.2.1-26001984%2B%2B%2BUE5%2BRelease-5.2&AppEnvironment=Release&UploadType=crashreports&UserID=5484ddb5cb8658d067c634d864c26b5b-000003e8%7C%7C5484ddb5cb8658d067c634d864c26b5b
[2023.10.10-01.36.11:739][  0]CrashReportCoreLog: OnProcessRequestComplete(), State=SendingFiles bSucceeded=1
[2023.10.10-01.36.11:739][  0]CrashReportCoreLog: State change from SendingFiles to SendingFiles
[2023.10.10-01.36.11:739][  0]CrashReportCoreLog: All uploads done
[2023.10.10-01.36.11:739][  0]CrashReportCoreLog: State change from SendingFiles to Finished
[2023.10.10-01.36.12:540][  0]LogSlate: Request Window 'UnrealLearningKit Crash Reporter' being destroyed
[2023.10.10-01.36.12:540][  0]LogSlate: Window 'UnrealLearningKit Crash Reporter' being destroyed
[2023.10.10-01.36.12:542][  0]LogCore: Engine exit requested (reason: OnRequestExit)
[2023.10.10-01.36.12:543][  0]CrashReportCoreLog: Final state (Receiver) = Finished
[2023.10.10-01.36.12:543][  0]CrashReportCoreLog: Final state (Receiver) = Unknown UploadState value
[2023.10.10-01.36.12:546][  0]LogSlate: Slate User Destroyed.  User Index 0, Is Virtual User: 0
[2023.10.10-01.36.12:547][  0]LogCore: Engine exit requested (reason: CrashReportClientApp RequestExit; note: exit was already requested)
[2023.10.10-01.36.12:547][  0]LogExit: Preparing to exit.
[2023.10.10-01.36.12:547][  0]LogExit: Object subsystem successfully closed.
[2023.10.10-01.36.12:547][  0]LogModuleManager: Shutting down and abandoning module ImageWrapper (16)
[2023.10.10-01.36.12:547][  0]LogModuleManager: Shutting down and abandoning module InputCore (14)
[2023.10.10-01.36.12:547][  0]LogModuleManager: Shutting down and abandoning module AnalyticsET (12)
[2023.10.10-01.36.12:547][  0]LogModuleManager: Shutting down and abandoning module HTTP (11)
[2023.10.10-01.36.12:547][  0]LogHttp: Warning: [FHttpManager::Flush] FlushReason was Shutdown. Unbinding delegates for 1 outstanding Http Requests:
[2023.10.10-01.36.12:547][  0]LogHttp: Warning: 	verb=[POST] url=[https://datarouter.ol.epicgames.com/datarouter/api/v1/public/data?SessionID=%7BFD11DCB9-0884-4906-B329-37A3B73AD7D8%7D&AppID=CrashReporter.Release&AppVersion=%2B%2BUE5%2BRelease-5.2-CL-26001984&UserID=5484ddb5cb8658d067c634d864c26b5b-000003e8%7C%7C5484ddb5cb8658d067c634d864c26b5b&AppEnvironment=datacollector-binary&UploadType=eteventstream] refs=[1] status=Processing
[2023.10.10-01.36.12:547][  0]LogHttp: Warning: 	Sleeping 0.500s to wait for 1 outstanding Http Requests.
[2023.10.10-01.36.13:063][  0]LogModuleManager: Shutting down and abandoning module SSL (10)
[2023.10.10-01.36.13:064][  0]LogModuleManager: Shutting down and abandoning module CoreUObject (6)
[2023.10.10-01.36.13:064][  0]LogModuleManager: Shutting down and abandoning module PakFile (4)
[2023.10.10-01.36.13:064][  0]LogModuleManager: Shutting down and abandoning module RSA (3)
[2023.10.10-01.36.13:065][  0]LogExit: Exiting.
[2023.10.10-01.36.13:065][  0]LogInit: Tearing down SDL.
[2023.10.10-01.36.13:074][  0]Log file closed, 10/09/23 20:36:13
