Log file open, 10/09/23 21:50:19
LogICUInternationalization: ICU TimeZone Detection - Raw Offset: -6:00, Platform Override: ''
LogInit: ExecutableName: CrashReportClient
LogInit: Build: ++UE5+Release-5.2-CL-26001984
LogInit: Engine Version: 5.2.1-26001984+++UE5+Release-5.2
LogInit: Compatible Engine Version: 5.2.0-25360045+++UE5+Release-5.2
LogInit: Net CL: 25360045
LogInit: OS: Pop!_OS 22.04 LTS (6.4.6-76060406-generic), CPU: AMD Ryzen 5 7530U with Radeon Graphics, GPU: AMD PCI-id: 1002-15e7 (17aa-3807)
LogInit: Compiled (64-bit): Jun 15 2023 04:27:55
LogInit: Architecture: x64
LogInit: Compiled with Clang: 15.0.1 
LogInit: Build Configuration: Shipping
LogInit: Branch Name: ++UE5+Release-5.2
LogInit: Command Line:  -Abslog="/home/mizuki/Documents/Unreal Projects/UnrealLearningKit 5.2/Saved/Logs/UnrealLearningKit_2-CRC.log" -Unattended "/home/mizuki/Documents/Unreal Projects/UnrealLearningKit 5.2/Saved/Crashes/stallinfo-UnrealLearningKit-pid-16663-04EC89A6E9324D7FB90BC3E36BE3245E/"
LogInit: Base Directory: /home/mizuki/Epic/Linux_Unreal_Engine_5.2.1/Engine/Binaries/Linux/
LogInit: Allocator: Mimalloc
LogInit: Installed Engine Build: 1
LogInit: Presizing for max 100000 objects, including 0 objects not considered by GC, pre-allocating 0 bytes for permanent pool.
LogInit: Object subsystem initialized
LogConfig: Applying CVar settings from Section [ConsoleVariables] File [Engine]
[2023.10.10-02.50.19:199][  0]LogInit: Unix hardware info:
[2023.10.10-02.50.19:199][  0]LogInit:  - we are the first instance of this executable
[2023.10.10-02.50.19:199][  0]LogInit:  - this process' id (pid) is 20122, parent process' id (ppid) is 16663
[2023.10.10-02.50.19:199][  0]LogInit:  - we are not running under debugger
[2023.10.10-02.50.19:199][  0]LogInit:  - machine network name is 'edelweiss'
[2023.10.10-02.50.19:199][  0]LogInit:  - user name is 'mizuki' (mizuki)
[2023.10.10-02.50.19:199][  0]LogInit:  - we're logged in locally
[2023.10.10-02.50.19:199][  0]LogInit:  - we're running with rendering
[2023.10.10-02.50.19:199][  0]LogInit:  - CPU: AuthenticAMD 'AMD Ryzen 5 7530U with Radeon Graphics' (signature: 0xA50F00)
[2023.10.10-02.50.19:199][  0]LogInit:  - Number of physical cores available for the process: 6
[2023.10.10-02.50.19:199][  0]LogInit:  - Number of logical cores available for the process: 12
[2023.10.10-02.50.19:199][  0]LogInit:  - GPU Brand Info: AMD PCI-id: 1002-15e7 (17aa-3807)
[2023.10.10-02.50.19:199][  0]LogInit:  - Memory allocator used: Mimalloc
[2023.10.10-02.50.19:199][  0]LogInit:  - This binary is optimized with LTO: no, PGO: no, instrumented for PGO data collection: no
[2023.10.10-02.50.19:199][  0]LogInit:  - This is an internal build.
[2023.10.10-02.50.19:199][  0]LogCore: Skipped benchmarking clocks because the engine is running in a standalone program mode - CLOCK_MONOTONIC will be used.
[2023.10.10-02.50.19:199][  0]LogInit: Unix-specific commandline switches:
[2023.10.10-02.50.19:199][  0]LogInit:  -ansimalloc - use malloc()/free() from libc (useful for tools like valgrind and electric fence)
[2023.10.10-02.50.19:199][  0]LogInit:  -jemalloc - use jemalloc for all memory allocation
[2023.10.10-02.50.19:199][  0]LogInit:  -binnedmalloc - use binned malloc  for all memory allocation
[2023.10.10-02.50.19:199][  0]LogInit:  -filemapcachesize=NUMBER - set the size for case-sensitive file mapping cache
[2023.10.10-02.50.19:199][  0]LogInit:  -useksm - uses kernel same-page mapping (KSM) for mapped memory (OFF)
[2023.10.10-02.50.19:199][  0]LogInit:  -ksmmergeall - marks all mmap'd memory pages suitable for KSM (OFF)
[2023.10.10-02.50.19:199][  0]LogInit:  -preloadmodulesymbols - Loads the main module symbols file into memory (OFF)
[2023.10.10-02.50.19:199][  0]LogInit:  -sigdfl=SIGNAL - Allows a specific signal to be set to its default handler rather then ignoring the signal
[2023.10.10-02.50.19:199][  0]LogInit:  -crashhandlerstacksize - Allows setting crash handler stack sizes (204800)
[2023.10.10-02.50.19:199][  0]LogInit:  -noexclusivelockonwrite - disables marking files created by the engine as exclusive locked while the engine has them opened
[2023.10.10-02.50.19:199][  0]LogInit:  -httpproxy=ADDRESS:PORT - redirects HTTP requests to a proxy (only supported if compiled with libcurl)
[2023.10.10-02.50.19:199][  0]LogInit:  -reuseconn - allow libcurl to reuse HTTP connections (only matters if compiled with libcurl)
[2023.10.10-02.50.19:199][  0]LogInit:  -virtmemkb=NUMBER - sets process virtual memory (address space) limit (overrides VirtualMemoryLimitInKB value from .ini)
[2023.10.10-02.50.19:199][  0]LogInit:  -allowsyscallfilterfile=PATH_TO_FILE - sets up a system call filter allow list. any invalid syscall in this list *will* cause a crash
[2023.10.10-02.50.19:199][  0]LogInit:  - Physical RAM available (not considering process quota): 14 GB (13817 MB, 14148920 KB, 14488494080 bytes)
[2023.10.10-02.50.19:199][  0]LogInit:  - VirtualMemoryAllocator pools will grow at scale 1.4
[2023.10.10-02.50.19:199][  0]LogInit:  - MemoryRangeDecommit() will be a no-op (re-run with -vmapoolevict to change)
[2023.10.10-02.50.19:199][  0]LogInit:  - PageSize 4096
[2023.10.10-02.50.19:199][  0]LogInit:  - BinnedPageSize 65536
[2023.10.10-02.50.19:203][  0]LogUObjectArray: 427 objects as part of root set at end of initial load.
[2023.10.10-02.50.19:203][  0]LogUObjectAllocator: 89664 out of 0 bytes used by permanent object pool.
[2023.10.10-02.50.19:203][  0]LogUObjectArray: CloseDisregardForGC: 0/0 objects in disregard for GC pool
[2023.10.10-02.50.19:204][  0]LogInit: Using OS detected language (en-US).
[2023.10.10-02.50.19:204][  0]LogInit: Using OS detected locale (en-US).
[2023.10.10-02.50.19:204][  0]LogTextLocalizationManager: No specific localization for 'en-US' exists, so 'en' will be used for the language.
[2023.10.10-02.50.19:231][  0]LogInit: Using OS detected language (en-US).
[2023.10.10-02.50.19:231][  0]LogInit: Using OS detected locale (en-US).
[2023.10.10-02.50.19:232][  0]LogTextLocalizationManager: No localization for 'en-US' exists, so 'en' will be used for the language.
[2023.10.10-02.50.19:232][  0]LogTextLocalizationManager: No localization for 'en-US' exists, so 'en' will be used for the locale.
[2023.10.10-02.50.19:232][  0]LogPackageLocalizationCache: Processed 2 localized package path(s) for 1 prioritized culture(s) in 0.000019 seconds
[2023.10.10-02.50.19:232][  0]CrashReportCoreLog: CrashReportClientVersion=1.0
[2023.10.10-02.50.19:232][  0]CrashReportCoreLog: CrashReportReceiver disabled
[2023.10.10-02.50.19:232][  0]CrashReportCoreLog: DataRouterUrl: https://datarouter.ol.epicgames.com/datarouter/api/v1/public/data
[2023.10.10-02.50.19:247][  0]LogInit: Using libcurl 7.83.1
[2023.10.10-02.50.19:247][  0]LogInit:  - built for Linux
[2023.10.10-02.50.19:247][  0]LogInit:  - supports SSL with OpenSSL/1.1.1n
[2023.10.10-02.50.19:247][  0]LogInit:  - supports HTTP deflate (compression) using libz 1.2.12
[2023.10.10-02.50.19:247][  0]LogInit:  - other features:
[2023.10.10-02.50.19:247][  0]LogInit:      CURL_VERSION_SSL
[2023.10.10-02.50.19:247][  0]LogInit:      CURL_VERSION_LIBZ
[2023.10.10-02.50.19:247][  0]LogInit:      CURL_VERSION_IPV6
[2023.10.10-02.50.19:247][  0]LogInit:      CURL_VERSION_ASYNCHDNS
[2023.10.10-02.50.19:247][  0]LogInit:      CURL_VERSION_LARGEFILE
[2023.10.10-02.50.19:247][  0]LogInit:  CurlRequestOptions (configurable via config and command line):
[2023.10.10-02.50.19:247][  0]LogInit:  - bVerifyPeer = false  - Libcurl will NOT verify peer certificate
[2023.10.10-02.50.19:247][  0]LogInit:  - bUseHttpProxy = false  - Libcurl will NOT use HTTP proxy
[2023.10.10-02.50.19:247][  0]LogInit:  - bDontReuseConnections = false  - Libcurl will reuse connections
[2023.10.10-02.50.19:247][  0]LogInit:  - MaxHostConnections = 16  - Libcurl will limit the number of connections to a host
[2023.10.10-02.50.19:247][  0]LogInit:  - LocalHostAddr = Default
[2023.10.10-02.50.19:247][  0]LogInit:  - BufferSize = 65536
[2023.10.10-02.50.19:247][  0]LogAnalytics: Display: [CrashReporter.Release] APIServer = https://datarouter.ol.epicgames.com/. AppVersion = ++UE5+Release-5.2-CL-26001984
[2023.10.10-02.50.19:248][  0]CrashReportCoreLog: Initial state = Unknown UploadState value
[2023.10.10-02.50.19:248][  0]CrashReportCoreLog: Initial state = Unknown UploadState value
[2023.10.10-02.50.19:249][  0]LogCrashDebugHelper: DepotName: //UE5/Release-5.2
[2023.10.10-02.50.19:249][  0]LogCrashDebugHelper: BuiltFromCL: 26001984
[2023.10.10-02.50.19:249][  0]LogCrashDebugHelper: EngineVersion: 5.2.1-26001984+++UE5+Release-5.2
[2023.10.10-02.50.19:249][  0]LogCrashDebugHelper: BuildVersion: ++UE5+Release-5.2-CL-26001984
[2023.10.10-02.50.20:220][  0]CrashReportCoreLog: Got 4 pending files to upload from 'stallinfo-UnrealLearningKit-pid-16663-04EC89A6E9324D7FB90BC3E36BE3245E'
[2023.10.10-02.50.20:220][  0]CrashReportCoreLog: State change from Ready to SendingFiles
[2023.10.10-02.50.20:220][  0]CrashReportCoreLog: CompressAndSendData have 4 pending files
[2023.10.10-02.50.20:220][  0]CrashReportCoreLog: CompressAndSendData compressing 133 bytes ('/home/mizuki/Documents/Unreal Projects/UnrealLearningKit 5.2/Saved/Crashes/stallinfo-UnrealLearningKit-pid-16663-04EC89A6E9324D7FB90BC3E36BE3245E/CrashReportClient.ini')
[2023.10.10-02.50.20:221][  0]CrashReportCoreLog: CompressAndSendData compressing 688580 bytes ('/home/mizuki/Documents/Unreal Projects/UnrealLearningKit 5.2/Saved/Crashes/stallinfo-UnrealLearningKit-pid-16663-04EC89A6E9324D7FB90BC3E36BE3245E/UnrealLearningKit_2.log')
[2023.10.10-02.50.20:221][  0]CrashReportCoreLog: CompressAndSendData compressing 40516 bytes ('/home/mizuki/Documents/Unreal Projects/UnrealLearningKit 5.2/Saved/Crashes/stallinfo-UnrealLearningKit-pid-16663-04EC89A6E9324D7FB90BC3E36BE3245E/CrashContext.runtime-xml')
[2023.10.10-02.50.20:221][  0]CrashReportCoreLog: CompressAndSendData compressing 10600 bytes ('/home/mizuki/Documents/Unreal Projects/UnrealLearningKit 5.2/Saved/Crashes/stallinfo-UnrealLearningKit-pid-16663-04EC89A6E9324D7FB90BC3E36BE3245E/Diagnostics.txt')
[2023.10.10-02.50.20:245][  0]CrashReportCoreLog: Sending HTTP request: https://datarouter.ol.epicgames.com/datarouter/api/v1/public/data?AppID=CrashReporter&AppVersion=5.2.1-26001984%2B%2B%2BUE5%2BRelease-5.2&AppEnvironment=Release&UploadType=crashreports&UserID=5484ddb5cb8658d067c634d864c26b5b-000003e8%7C%7C5484ddb5cb8658d067c634d864c26b5b
[2023.10.10-02.50.20:485][  0]CrashReportCoreLog: OnProcessRequestComplete(), State=SendingFiles bSucceeded=1
[2023.10.10-02.50.20:485][  0]CrashReportCoreLog: State change from SendingFiles to SendingFiles
[2023.10.10-02.50.20:485][  0]CrashReportCoreLog: All uploads done
[2023.10.10-02.50.20:485][  0]CrashReportCoreLog: State change from SendingFiles to Finished
[2023.10.10-02.50.21:253][  0]CrashReportCoreLog: Final state (Receiver) = Finished
[2023.10.10-02.50.21:253][  0]CrashReportCoreLog: Final state (Receiver) = Unknown UploadState value
[2023.10.10-02.50.21:253][  0]LogCore: Engine exit requested (reason: CrashReportClientApp RequestExit)
[2023.10.10-02.50.21:253][  0]LogExit: Preparing to exit.
[2023.10.10-02.50.21:254][  0]LogExit: Object subsystem successfully closed.
[2023.10.10-02.50.21:257][  0]LogModuleManager: Shutting down and abandoning module CrashDebugHelper (14)
[2023.10.10-02.50.21:257][  0]LogModuleManager: Shutting down and abandoning module AnalyticsET (12)
[2023.10.10-02.50.21:257][  0]LogModuleManager: Shutting down and abandoning module HTTP (11)
[2023.10.10-02.50.21:767][  0]LogModuleManager: Shutting down and abandoning module SSL (10)
[2023.10.10-02.50.21:769][  0]LogModuleManager: Shutting down and abandoning module CoreUObject (6)
[2023.10.10-02.50.21:769][  0]LogModuleManager: Shutting down and abandoning module PakFile (4)
[2023.10.10-02.50.21:769][  0]LogModuleManager: Shutting down and abandoning module RSA (3)
[2023.10.10-02.50.21:771][  0]LogExit: Exiting.
[2023.10.10-02.50.21:778][  0]Log file closed, 10/09/23 21:50:21
